============================= test session starts ==============================
platform linux -- Python 3.14.4, pytest-9.0.0, pluggy-1.6.0
rootdir: /workspaces/core/config/custom_components/climate_ip
configfile: pytest.ini
plugins: respx-0.22.0, syrupy-5.0.0, timeout-2.4.0, unordered-0.7.0, cov-7.0.0, asyncio-1.3.0, requests-mock-1.12.1, picked-0.5.1, github-actions-annotate-failures-0.3.0, homeassistant-custom-component-0.13.324, aiohttp-1.1.0, socket-0.7.0, anyio-4.13.0, xdist-3.8.0, pytest_freezer-0.4.9
asyncio: mode=Mode.AUTO, debug=False, asyncio_default_fixture_loop_scope=None, asyncio_default_test_loop_scope=function
collected 8 items

../core/config/custom_components/climate_ip/tests/test_climate.py ..F... [ 75%]
..                                                                       [100%]

=================================== FAILURES ===================================
________________ test_fan_modes_change_triggers_picker_remount _________________
../core/config/custom_components/climate_ip/tests/test_climate.py:137: in test_fan_modes_change_triggers_picker_remount
    assert hide_states[0] is True, "First write should hide FAN_MODE"
           ^^^^^^^^^^^^^^
E   IndexError: list index out of range
=========================== short test summary info ============================
FAILED ../core/config/custom_components/climate_ip/tests/test_climate.py::test_fan_modes_change_triggers_picker_remount
========================= 1 failed, 7 passed in 0.46s ==========================
