============================= test session starts ==============================
platform linux -- Python 3.14.4, pytest-9.0.0, pluggy-1.6.0
rootdir: /workspaces/core/config/custom_components/climate_ip
configfile: pytest.ini
plugins: respx-0.22.0, syrupy-5.0.0, timeout-2.4.0, unordered-0.7.0, cov-7.0.0, asyncio-1.3.0, requests-mock-1.12.1, picked-0.5.1, github-actions-annotate-failures-0.3.0, homeassistant-custom-component-0.13.324, aiohttp-1.1.0, socket-0.7.0, anyio-4.13.0, xdist-3.8.0, pytest_freezer-0.4.9
asyncio: mode=Mode.AUTO, debug=False, asyncio_default_fixture_loop_scope=None, asyncio_default_test_loop_scope=function
collected 5 items

../core/config/custom_components/climate_ip/tests/test_resilience_2026.py F [ 20%]
....                                                                     [100%]

=================================== FAILURES ===================================
_______________________ test_connection_timeout_recovery _______________________
../core/config/custom_components/climate_ip/tests/test_resilience_2026.py:46: in test_connection_timeout_recovery
    assert coordinator.data == {"power": "On"}
E   AssertionError: assert <MagicMock na...263294928080'> == {'power': 'On'}
E     
E     Use -v to get more diff
----------------------------- Captured stderr call -----------------------------
INFO:homeassistant.components.climate_ip.coordinator:<MagicMock name='mock.log_prefix' id='123263294925056'> Transient connection failure (1/3). Preserving last known state. Error: TimeoutError
------------------------------ Captured log call -------------------------------
INFO     homeassistant.components.climate_ip.coordinator:coordinator.py:129 <MagicMock name='mock.log_prefix' id='123263294925056'> Transient connection failure (1/3). Preserving last known state. Error: TimeoutError
=========================== short test summary info ============================
FAILED ../core/config/custom_components/climate_ip/tests/test_resilience_2026.py::test_connection_timeout_recovery
========================= 1 failed, 4 passed in 0.59s ==========================
